Apr 03, 2015 9:46:00 AM org.apache.catalina.core.StandardServer await
INFO: A valid shutdown command was received via the shutdown port. Stopping the Server instance.
Apr 03, 2015 9:46:00 AM org.apache.coyote.AbstractProtocol pause
INFO: Pausing ProtocolHandler ["http-bio-8080"]
Apr 03, 2015 9:46:00 AM org.apache.coyote.AbstractProtocol pause
INFO: Pausing ProtocolHandler ["ajp-bio-8009"]
Apr 03, 2015 9:46:00 AM org.apache.catalina.core.StandardService stopInternal
INFO: Stopping service Catalina
Apr 03, 2015 9:46:01 AM org.apache.coyote.AbstractProtocol stop
INFO: Stopping ProtocolHandler ["http-bio-8080"]
Apr 03, 2015 9:46:01 AM org.apache.coyote.AbstractProtocol stop
INFO: Stopping ProtocolHandler ["ajp-bio-8009"]
Apr 03, 2015 9:46:01 AM org.apache.coyote.AbstractProtocol destroy
INFO: Destroying ProtocolHandler ["http-bio-8080"]
Apr 03, 2015 9:46:01 AM org.apache.coyote.AbstractProtocol destroy
INFO: Destroying ProtocolHandler ["ajp-bio-8009"]
Apr 03, 2015 9:46:11 AM org.apache.catalina.startup.VersionLoggerListener log
INFO: Server version:        Apache Tomcat/7.0.59
Apr 03, 2015 9:46:11 AM org.apache.catalina.startup.VersionLoggerListener log
INFO: Server built:          Jan 28 2015 15:51:10 UTC
Apr 03, 2015 9:46:11 AM org.apache.catalina.startup.VersionLoggerListener log
INFO: Server number:         7.0.59.0
Apr 03, 2015 9:46:11 AM org.apache.catalina.startup.VersionLoggerListener log
INFO: OS Name:               Mac OS X
Apr 03, 2015 9:46:11 AM org.apache.catalina.startup.VersionLoggerListener log
INFO: OS Version:            10.10.2
Apr 03, 2015 9:46:11 AM org.apache.catalina.startup.VersionLoggerListener log
INFO: Architecture:          x86_64
Apr 03, 2015 9:46:11 AM org.apache.catalina.startup.VersionLoggerListener log
INFO: Java Home:             /Library/Java/JavaVirtualMachines/jdk1.8.0_40.jdk/Contents/Home/jre
Apr 03, 2015 9:46:11 AM org.apache.catalina.startup.VersionLoggerListener log
INFO: JVM Version:           1.8.0_40-b25
Apr 03, 2015 9:46:11 AM org.apache.catalina.startup.VersionLoggerListener log
INFO: JVM Vendor:            Oracle Corporation
Apr 03, 2015 9:46:11 AM org.apache.catalina.startup.VersionLoggerListener log
INFO: CATALINA_BASE:         /Users/markyang13705/Documents/GitHub/CS390/Java/apache-tomcat-7.0.59
Apr 03, 2015 9:46:11 AM org.apache.catalina.startup.VersionLoggerListener log
INFO: CATALINA_HOME:         /Users/markyang13705/Documents/GitHub/CS390/Java/apache-tomcat-7.0.59
Apr 03, 2015 9:46:11 AM org.apache.catalina.startup.VersionLoggerListener log
INFO: Command line argument: -Djava.util.logging.config.file=/Users/markyang13705/Documents/GitHub/CS390/Java/apache-tomcat-7.0.59/conf/logging.properties
Apr 03, 2015 9:46:11 AM org.apache.catalina.startup.VersionLoggerListener log
INFO: Command line argument: -Djava.util.logging.manager=org.apache.juli.ClassLoaderLogManager
Apr 03, 2015 9:46:11 AM org.apache.catalina.startup.VersionLoggerListener log
INFO: Command line argument: -Djava.endorsed.dirs=/Users/markyang13705/Documents/GitHub/CS390/Java/apache-tomcat-7.0.59/endorsed
Apr 03, 2015 9:46:11 AM org.apache.catalina.startup.VersionLoggerListener log
INFO: Command line argument: -Dcatalina.base=/Users/markyang13705/Documents/GitHub/CS390/Java/apache-tomcat-7.0.59
Apr 03, 2015 9:46:11 AM org.apache.catalina.startup.VersionLoggerListener log
INFO: Command line argument: -Dcatalina.home=/Users/markyang13705/Documents/GitHub/CS390/Java/apache-tomcat-7.0.59
Apr 03, 2015 9:46:11 AM org.apache.catalina.startup.VersionLoggerListener log
INFO: Command line argument: -Djava.io.tmpdir=/Users/markyang13705/Documents/GitHub/CS390/Java/apache-tomcat-7.0.59/temp
Apr 03, 2015 9:46:11 AM org.apache.catalina.core.AprLifecycleListener lifecycleEvent
INFO: The APR based Apache Tomcat Native library which allows optimal performance in production environments was not found on the java.library.path: /Users/markyang13705/Library/Java/Extensions:/Library/Java/Extensions:/Network/Library/Java/Extensions:/System/Library/Java/Extensions:/usr/lib/java:.
Apr 03, 2015 9:46:11 AM org.apache.coyote.AbstractProtocol init
INFO: Initializing ProtocolHandler ["http-bio-8080"]
Apr 03, 2015 9:46:12 AM org.apache.coyote.AbstractProtocol init
INFO: Initializing ProtocolHandler ["ajp-bio-8009"]
Apr 03, 2015 9:46:12 AM org.apache.catalina.startup.Catalina load
INFO: Initialization processed in 1859 ms
Apr 03, 2015 9:46:12 AM org.apache.catalina.core.StandardService startInternal
INFO: Starting service Catalina
Apr 03, 2015 9:46:12 AM org.apache.catalina.core.StandardEngine startInternal
INFO: Starting Servlet Engine: Apache Tomcat/7.0.59
Apr 03, 2015 9:46:12 AM org.apache.catalina.startup.HostConfig deployDirectory
INFO: Deploying web application directory /Users/markyang13705/Documents/GitHub/CS390/Java/apache-tomcat-7.0.59/webapps/Crawler
Apr 03, 2015 9:46:13 AM org.apache.catalina.util.SessionIdGeneratorBase createSecureRandom
INFO: Creation of SecureRandom instance for session ID generation using [SHA1PRNG] took [104] milliseconds.
Apr 03, 2015 9:46:13 AM org.apache.catalina.startup.HostConfig deployDirectory
INFO: Deployment of web application directory /Users/markyang13705/Documents/GitHub/CS390/Java/apache-tomcat-7.0.59/webapps/Crawler has finished in 1,539 ms
Apr 03, 2015 9:46:13 AM org.apache.catalina.startup.HostConfig deployDirectory
INFO: Deploying web application directory /Users/markyang13705/Documents/GitHub/CS390/Java/apache-tomcat-7.0.59/webapps/docs
Apr 03, 2015 9:46:13 AM org.apache.catalina.startup.HostConfig deployDirectory
INFO: Deployment of web application directory /Users/markyang13705/Documents/GitHub/CS390/Java/apache-tomcat-7.0.59/webapps/docs has finished in 151 ms
Apr 03, 2015 9:46:13 AM org.apache.catalina.startup.HostConfig deployDirectory
INFO: Deploying web application directory /Users/markyang13705/Documents/GitHub/CS390/Java/apache-tomcat-7.0.59/webapps/examples
Apr 03, 2015 9:46:14 AM org.apache.catalina.startup.HostConfig deployDirectory
INFO: Deployment of web application directory /Users/markyang13705/Documents/GitHub/CS390/Java/apache-tomcat-7.0.59/webapps/examples has finished in 653 ms
Apr 03, 2015 9:46:14 AM org.apache.catalina.startup.HostConfig deployDirectory
INFO: Deploying web application directory /Users/markyang13705/Documents/GitHub/CS390/Java/apache-tomcat-7.0.59/webapps/host-manager
Apr 03, 2015 9:46:14 AM org.apache.catalina.startup.HostConfig deployDirectory
INFO: Deployment of web application directory /Users/markyang13705/Documents/GitHub/CS390/Java/apache-tomcat-7.0.59/webapps/host-manager has finished in 152 ms
Apr 03, 2015 9:46:14 AM org.apache.catalina.startup.HostConfig deployDirectory
INFO: Deploying web application directory /Users/markyang13705/Documents/GitHub/CS390/Java/apache-tomcat-7.0.59/webapps/manager
Apr 03, 2015 9:46:14 AM org.apache.catalina.startup.HostConfig deployDirectory
INFO: Deployment of web application directory /Users/markyang13705/Documents/GitHub/CS390/Java/apache-tomcat-7.0.59/webapps/manager has finished in 147 ms
Apr 03, 2015 9:46:14 AM org.apache.catalina.startup.HostConfig deployDirectory
INFO: Deploying web application directory /Users/markyang13705/Documents/GitHub/CS390/Java/apache-tomcat-7.0.59/webapps/myapp
Apr 03, 2015 9:46:15 AM org.apache.catalina.startup.HostConfig deployDirectory
INFO: Deployment of web application directory /Users/markyang13705/Documents/GitHub/CS390/Java/apache-tomcat-7.0.59/webapps/myapp has finished in 212 ms
Apr 03, 2015 9:46:15 AM org.apache.catalina.startup.HostConfig deployDirectory
INFO: Deploying web application directory /Users/markyang13705/Documents/GitHub/CS390/Java/apache-tomcat-7.0.59/webapps/ROOT
Apr 03, 2015 9:46:15 AM org.apache.catalina.startup.HostConfig deployDirectory
INFO: Deployment of web application directory /Users/markyang13705/Documents/GitHub/CS390/Java/apache-tomcat-7.0.59/webapps/ROOT has finished in 218 ms
Apr 03, 2015 9:46:15 AM org.apache.coyote.AbstractProtocol start
INFO: Starting ProtocolHandler ["http-bio-8080"]
Apr 03, 2015 9:46:15 AM org.apache.coyote.AbstractProtocol start
INFO: Starting ProtocolHandler ["ajp-bio-8009"]
Apr 03, 2015 9:46:15 AM org.apache.catalina.startup.Catalina start
INFO: Server startup in 3233 ms
